do nothing
[Modelarts Service Log]user: uid=1101(work) gid=1101(work) groups=1101(work)
[Modelarts Service Log]pwd: /home/work
[Modelarts Service Log]app_url: s3://13692313203/Video/Video/code/
[Modelarts Service Log]boot_file: code/train_f.py
[Modelarts Service Log]log_url: /tmp/log/Video.log
[Modelarts Service Log]command: code/train_f.py --data_url=s3://13692313203/Data/ --train_url=s3://13692313203/Video/Video/output/V0001/ --num_gpus=1
[Modelarts Service Log]MODELARTS_IPOIB_DEVICE: 
[Modelarts Service Log]dependencies_file_dir: /home/work/user-job-dir/code
[Modelarts Service Log][modelarts_create_log] modelarts-pipe found
[Modelarts Service Log]handle inputs of training job
INFO:root:Using MoXing-v1.17.3-4c644d5b
INFO:root:Using OBS-Python-SDK-3.20.7
[ModelArts Service Log][INFO][2021/05/30 16:20:11]: env MA_INPUTS is not found, skip the inputs handler
INFO:root:Using MoXing-v1.17.3-4c644d5b
INFO:root:Using OBS-Python-SDK-3.20.7
[ModelArts Service Log]2021-05-30 16:20:12,221 - modelarts-downloader.py[line:619] - INFO: Main: modelarts-downloader starting with Namespace(dst='./', recursive=True, skip_creating_dir=False, src='s3://13692313203/Video/Video/code/', trace=False, type='common', verbose=False)
/home/work/user-job-dir
[Modelarts Service Log][modelarts_logger] modelarts-pipe found
Traceback (most recent call last):
  File "code/train_f.py", line 8, in <module>
    plt.figure("Text") # 图像窗口名称
  File "/home/work/anaconda/lib/python3.6/site-packages/matplotlib/pyplot.py", line 539, in figure
    **kwargs)
  File "/home/work/anaconda/lib/python3.6/site-packages/matplotlib/backend_bases.py", line 171, in new_figure_manager
    return cls.new_figure_manager_given_figure(num, fig)
  File "/home/work/anaconda/lib/python3.6/site-packages/matplotlib/backend_bases.py", line 177, in new_figure_manager_given_figure
    canvas = cls.FigureCanvas(figure)
  File "/home/work/anaconda/lib/python3.6/site-packages/matplotlib/backends/backend_qt5agg.py", line 35, in __init__
    super(FigureCanvasQTAggBase, self).__init__(figure=figure)
  File "/home/work/anaconda/lib/python3.6/site-packages/matplotlib/backends/backend_qt5.py", line 235, in __init__
    _create_qApp()
  File "/home/work/anaconda/lib/python3.6/site-packages/matplotlib/backends/backend_qt5.py", line 122, in _create_qApp
    raise RuntimeError('Invalid DISPLAY variable')
RuntimeError: Invalid DISPLAY variable
[Modelarts Service Log]Training end with return code: 1
mkdir: cannot create directory ‘logs’: File exists
[ModelArts Service Log]modelarts-pipe: will create log file /tmp/log/Video.log
[ModelArts Service Log]modelarts-pipe: will create log file /tmp/log/Video.log
[ModelArts Service Log]modelarts-pipe: will write log file /tmp/log/Video.log
[ModelArts Service Log]modelarts-pipe: param for max log length: 1073741824
[ModelArts Service Log]modelarts-pipe: param for whether exit on overflow: 0
[ModelArts Service Log]modelarts-pipe: total length: 1105
[Modelarts Service Log]Training completed.
