mkdir: cannot create directory ‘logs’: File exists
[ModelArts Service Log]modelarts-pipe: will create log file /tmp/log/MA-05-25-21-32.log
[ModelArts Service Log]modelarts-pipe: will create log file /tmp/log/MA-05-25-21-32.log
[ModelArts Service Log]modelarts-pipe: will write log file /tmp/log/MA-05-25-21-32.log
[ModelArts Service Log]modelarts-pipe: param for max log length: 1073741824
[ModelArts Service Log]modelarts-pipe: param for whether exit on overflow: 0
do nothing
[Modelarts Service Log]user: uid=1101(work) gid=1101(work) groups=1101(work)
[Modelarts Service Log]pwd: /home/work
[Modelarts Service Log]app_url: s3://guidian23/MA-05-25-21-32/code/
[Modelarts Service Log]boot_file: code/train_AcousticModel.py
[Modelarts Service Log]log_url: /tmp/log/MA-05-25-21-32.log
[Modelarts Service Log]command: code/train_AcousticModel.py --data_url=s3://guidian23/data_thchs30/data/ --train_url=s3://guidian23/MA-05-25-21-32/output/V0006/ --num_gpus=1
[Modelarts Service Log]MODELARTS_IPOIB_DEVICE: 
[Modelarts Service Log]dependencies_file_dir: /home/work/user-job-dir/code
[Modelarts Service Log][modelarts_create_log] modelarts-pipe found
[Modelarts Service Log]handle inputs of training job
INFO:root:Using MoXing-v1.17.3-4c644d5b
INFO:root:Using OBS-Python-SDK-3.20.7
[ModelArts Service Log][INFO][2021/05/25 22:08:32]: env MA_INPUTS is not found, skip the inputs handler
INFO:root:Using MoXing-v1.17.3-4c644d5b
INFO:root:Using OBS-Python-SDK-3.20.7
[ModelArts Service Log]2021-05-25 22:08:32,774 - modelarts-downloader.py[line:619] - INFO: Main: modelarts-downloader starting with Namespace(dst='./', recursive=True, skip_creating_dir=False, src='s3://guidian23/MA-05-25-21-32/code/', trace=False, type='common', verbose=False)
/home/work/user-job-dir
[Modelarts Service Log][modelarts_logger] modelarts-pipe found
INFO:root:Using MoXing-v1.17.3-4c644d5b
INFO:root:Using OBS-Python-SDK-3.20.7
Using TensorFlow backend.
WARNING:tensorflow:From /home/work/anaconda/lib/python3.6/site-packages/tensorflow/python/framework/op_def_library.py:263: colocate_with (from tensorflow.python.framework.ops) is deprecated and will be removed in a future version.
Instructions for updating:
Colocations handled automatically by placer.
WARNING:tensorflow:From /home/work/anaconda/lib/python3.6/site-packages/tensorflow/python/framework/op_def_library.py:263: colocate_with (from tensorflow.python.framework.ops) is deprecated and will be removed in a future version.
Instructions for updating:
Colocations handled automatically by placer.
2021-05-25 22:08:39.144780: I tensorflow/core/platform/cpu_feature_guard.cc:141] Your CPU supports instructions that this TensorFlow binary was not compiled to use: AVX2 AVX512F FMA
2021-05-25 22:08:39.339622: I tensorflow/compiler/xla/service/service.cc:150] XLA service 0x564e7f9da370 executing computations on platform CUDA. Devices:
2021-05-25 22:08:39.339663: I tensorflow/compiler/xla/service/service.cc:158]   StreamExecutor device (0): Tesla V100-PCIE-32GB, Compute Capability 7.0
2021-05-25 22:08:39.357047: I tensorflow/core/platform/profile_utils/cpu_utils.cc:94] CPU Frequency: 3000000000 Hz
2021-05-25 22:08:39.357504: I tensorflow/compiler/xla/service/service.cc:150] XLA service 0x564e7faf5cb0 executing computations on platform Host. Devices:
2021-05-25 22:08:39.357540: I tensorflow/compiler/xla/service/service.cc:158]   StreamExecutor device (0): <undefined>, <undefined>
2021-05-25 22:08:39.357697: I tensorflow/core/common_runtime/gpu/gpu_device.cc:1433] Found device 0 with properties: 
name: Tesla V100-PCIE-32GB major: 7 minor: 0 memoryClockRate(GHz): 1.38
pciBusID: 0000:21:01.0
totalMemory: 31.75GiB freeMemory: 31.44GiB
2021-05-25 22:08:39.357719: I tensorflow/core/common_runtime/gpu/gpu_device.cc:1512] Adding visible gpu devices: 0
2021-05-25 22:08:39.359848: I tensorflow/core/common_runtime/gpu/gpu_device.cc:984] Device interconnect StreamExecutor with strength 1 edge matrix:
2021-05-25 22:08:39.359875: I tensorflow/core/common_runtime/gpu/gpu_device.cc:990]      0 
2021-05-25 22:08:39.359881: I tensorflow/core/common_runtime/gpu/gpu_device.cc:1003] 0:   N 
2021-05-25 22:08:39.359966: I tensorflow/core/common_runtime/gpu/gpu_device.cc:1115] Created TensorFlow device (/job:localhost/replica:0/task:0/device:GPU:0 with 30583 MB memory) -> physical GPU (device: 0, name: Tesla V100-PCIE-32GB, pci bus id: 0000:21:01.0, compute capability: 7.0)
WARNING:tensorflow:From /home/work/anaconda/lib/python3.6/site-packages/keras/backend/tensorflow_backend.py:3733: calling dropout (from tensorflow.python.ops.nn_ops) with keep_prob is deprecated and will be removed in a future version.
Instructions for updating:
Please use `rate` instead of `keep_prob`. Rate should be set to `rate = 1 - keep_prob`.
WARNING:tensorflow:From /home/work/anaconda/lib/python3.6/site-packages/keras/backend/tensorflow_backend.py:3733: calling dropout (from tensorflow.python.ops.nn_ops) with keep_prob is deprecated and will be removed in a future version.
Instructions for updating:
Please use `rate` instead of `keep_prob`. Rate should be set to `rate = 1 - keep_prob`.
声学模型参数：
[('is_training', True), ('learning_rate', 0.0008), ('vocab_size', 407)]
训练轮数epochs： 2
批数量batch_num： 25
开始训练！
第 1 个epoch
WARNING:tensorflow:From /home/work/anaconda/lib/python3.6/site-packages/tensorflow/python/ops/math_ops.py:3066: to_int32 (from tensorflow.python.ops.math_ops) is deprecated and will be removed in a future version.
Instructions for updating:
Use tf.cast instead.
WARNING:tensorflow:From /home/work/anaconda/lib/python3.6/site-packages/tensorflow/python/ops/math_ops.py:3066: to_int32 (from tensorflow.python.ops.math_ops) is deprecated and will be removed in a future version.
Instructions for updating:
Use tf.cast instead.
WARNING:tensorflow:From /home/work/anaconda/lib/python3.6/site-packages/tensorflow/python/ops/math_grad.py:102: div (from tensorflow.python.ops.math_ops) is deprecated and will be removed in a future version.
Instructions for updating:
Deprecated in favor of operator or tf.math.divide.
WARNING:tensorflow:From /home/work/anaconda/lib/python3.6/site-packages/tensorflow/python/ops/math_grad.py:102: div (from tensorflow.python.ops.math_ops) is deprecated and will be removed in a future version.
Instructions for updating:
Deprecated in favor of operator or tf.math.divide.
Epoch 1/1
2021-05-25 22:08:45.998884: I tensorflow/stream_executor/dso_loader.cc:152] successfully opened CUDA library libcublas.so.10.0 locally
 1/25 [>.............................] - ETA: 1:57 - loss: 556.8746
 2/25 [=>............................] - ETA: 1:00 - loss: 504.2139
 3/25 [==>...........................] - ETA: 41s - loss: 416.6832 
 4/25 [===>..........................] - ETA: 31s - loss: 381.1273
 6/25 [======>.......................] - ETA: 20s - loss: 340.9604
 7/25 [=======>......................] - ETA: 17s - loss: 325.6952
 9/25 [=========>....................] - ETA: 12s - loss: 303.1909
10/25 [===========>..................] - ETA: 11s - loss: 294.5344
11/25 [============>.................] - ETA: 10s - loss: 293.8785
12/25 [=============>................] - ETA: 9s - loss: 287.7803 
13/25 [==============>...............] - ETA: 8s - loss: 281.2883
14/25 [===============>..............] - ETA: 7s - loss: 277.9700
15/25 [=================>............] - ETA: 6s - loss: 271.2827
17/25 [===================>..........] - ETA: 4s - loss: 264.3758
18/25 [====================>.........] - ETA: 4s - loss: 260.6883
19/25 [=====================>........] - ETA: 3s - loss: 258.5625
21/25 [========================>.....] - ETA: 2s - loss: 253.3143
22/25 [=========================>....] - ETA: 1s - loss: 251.2310
24/25 [===========================>..] - ETA: 0s - loss: 247.4863
25/25 [==============================] - 12s 483ms/step - loss: 246.4067
第 2 个epoch
Epoch 1/1
 1/25 [>.............................] - ETA: 1s - loss: 180.6987
 4/25 [===>..........................] - ETA: 0s - loss: 189.5578
 6/25 [======>.......................] - ETA: 0s - loss: 204.4445
 9/25 [=========>....................] - ETA: 0s - loss: 202.7079
11/25 [============>.................] - ETA: 0s - loss: 209.1238
13/25 [==============>...............] - ETA: 0s - loss: 206.9584
16/25 [==================>...........] - ETA: 0s - loss: 202.5973
18/25 [====================>.........] - ETA: 0s - loss: 201.4989
20/25 [=======================>......] - ETA: 0s - loss: 200.4821
22/25 [=========================>....] - ETA: 0s - loss: 200.3387
25/25 [==============================] - 1s 25ms/step - loss: 199.4525
训练完成，保存模型
[ModelArts Service Log]modelarts-pipe: total length: 6837
[Modelarts Service Log]Training end with return code: 0
[Modelarts Service Log]handle outputs of training job
[ModelArts Service Log]modelarts-pipe: will create log file /tmp/log/MA-05-25-21-32.log
[ModelArts Service Log]modelarts-pipe: will write log file /tmp/log/MA-05-25-21-32.log
[ModelArts Service Log]modelarts-pipe: param for max log length: 1073741824
[ModelArts Service Log]modelarts-pipe: param for whether exit on overflow: 0
[Modelarts Service Log][modelarts_logger] modelarts-pipe found
INFO:root:Using MoXing-v1.17.3-4c644d5b
INFO:root:Using OBS-Python-SDK-3.20.7
[ModelArts Service Log][INFO][2021/05/25 22:08:58]: env MA_OUTPUTS is not found, skip the outputs handler
[ModelArts Service Log]modelarts-pipe: total length: 184
[Modelarts Service Log]Training completed.
