do nothing
[Modelarts Service Log]user: uid=1101(work) gid=1101(work) groups=1101(work)
[Modelarts Service Log]pwd: /home/work
[Modelarts Service Log]app_url: s3://guidian23/MA-05-25-21-32/code/
[Modelarts Service Log]boot_file: code/train_AcousticModel.py
[Modelarts Service Log]log_url: /tmp/log/MA-05-25-21-32.log
[Modelarts Service Log]command: code/train_AcousticModel.py --data_url=s3://guidian23/data_thchs30/data/ --train_url=s3://guidian23/MA-05-25-21-32/output/V0005/ --num_gpus=1
[Modelarts Service Log]MODELARTS_IPOIB_DEVICE: 
[Modelarts Service Log]dependencies_file_dir: /home/work/user-job-dir/code
[Modelarts Service Log][modelarts_create_log] modelarts-pipe found
[Modelarts Service Log]handle inputs of training job
INFO:root:Using MoXing-v1.17.3-4c644d5b
INFO:root:Using OBS-Python-SDK-3.20.7
[ModelArts Service Log][INFO][2021/05/25 22:03:54]: env MA_INPUTS is not found, skip the inputs handler
INFO:root:Using MoXing-v1.17.3-4c644d5b
INFO:root:Using OBS-Python-SDK-3.20.7
[ModelArts Service Log]2021-05-25 22:03:55,433 - modelarts-downloader.py[line:619] - INFO: Main: modelarts-downloader starting with Namespace(dst='./', recursive=True, skip_creating_dir=False, src='s3://guidian23/MA-05-25-21-32/code/', trace=False, type='common', verbose=False)
/home/work/user-job-dir
[Modelarts Service Log][modelarts_logger] modelarts-pipe found
声学模型参数：
[('is_training', True), ('learning_rate', 0.0008), ('vocab_size', 407)]
WARNING:tensorflow:From /home/work/anaconda/lib/python3.6/site-packages/tensorflow/python/ops/math_grad.py:102: div (from tensorflow.python.ops.math_ops) is deprecated and will be removed in a future version.
Instructions for updating:
Deprecated in favor of operator or tf.math.divide.
WARNING:tensorflow:From /home/work/anaconda/lib/python3.6/site-packages/tensorflow/python/ops/math_grad.py:102: div (from tensorflow.python.ops.math_ops) is deprecated and will be removed in a future version.
Instructions for updating:
Deprecated in favor of operator or tf.math.divide.
10/25 [===========>..................] - ETA: 11s - loss: 275.9322
14/25 [===============>..............] - ETA: 7s - loss: 264.2136
18/25 [====================>.........] - ETA: 4s - loss: 252.4084
19/25 [=====================>........] - ETA: 3s - loss: 250.7361
 1/25 [>.............................] - ETA: 1s - loss: 174.2101
 3/25 [==>...........................] - ETA: 0s - loss: 192.4721
 6/25 [======>.......................] - ETA: 0s - loss: 202.9900
 9/25 [=========>....................] - ETA: 0s - loss: 204.0407
11/25 [============>.................] - ETA: 0s - loss: 211.8364
13/25 [==============>...............] - ETA: 0s - loss: 209.2769
15/25 [=================>............] - ETA: 0s - loss: 205.4502
18/25 [====================>.........] - ETA: 0s - loss: 203.0573
[ModelArts Service Log]modelarts-pipe: total length: 6837
[Modelarts Service Log]Training end with return code: 0
[Modelarts Service Log]handle outputs of training job
[ModelArts Service Log]modelarts-pipe: will create log file /tmp/log/MA-05-25-21-32.log
[ModelArts Service Log]modelarts-pipe: will write log file /tmp/log/MA-05-25-21-32.log
[ModelArts Service Log]modelarts-pipe: param for max log length: 1073741824
[ModelArts Service Log]modelarts-pipe: param for whether exit on overflow: 0
[Modelarts Service Log][modelarts_logger] modelarts-pipe found
INFO:root:Using MoXing-v1.17.3-4c644d5b
INFO:root:Using OBS-Python-SDK-3.20.7
[ModelArts Service Log][INFO][2021/05/25 22:04:22]: env MA_OUTPUTS is not found, skip the outputs handler
[ModelArts Service Log]modelarts-pipe: total length: 184
[Modelarts Service Log]Training completed.
